This file contains any messages produced by compilers while
running configure, to aid debugging if configure makes a mistake.

It was created by aes32bit configure 1.00, which was
generated by GNU Autoconf 2.68.  Invocation command line was

  $ .\configure CC=C:/DevTools/cygwin/bin/gcc.exe CXX=C:/DevTools/cygwin/bin/g++.exe CFLAGS=-g3 -gdwarf-2 CXXFLAGS=-g3 -gdwarf-2

## --------- ##
## Platform. ##
## --------- ##

hostname = Andromeda
uname -m = i686
uname -r = 1.7.7(0.230/5/3)
uname -s = CYGWIN_NT-6.1-WOW64
uname -v = 2010-08-31 09:58

/usr/bin/uname -p = unknown
/bin/uname -X     = unknown

/bin/arch              = i686
/usr/bin/arch -k       = unknown
/usr/convex/getsysinfo = unknown
/usr/bin/hostinfo      = unknown
/bin/machine           = unknown
/usr/bin/oslevel       = unknown
/bin/universe          = unknown

PATH: /usr/bin
PATH: /usr/bin
PATH: /cygdrive/c/Program Files (x86)/NVIDIA Corporation/PhysX/Common
PATH: /cygdrive/c/Program Files/Common Files/Microsoft Shared/Windows Live
PATH: /cygdrive/c/Program Files (x86)/Common Files/Microsoft Shared/Windows Live
PATH: /cygdrive/c/Windows/system32
PATH: /cygdrive/c/Windows
PATH: /cygdrive/c/Windows/System32/Wbem
PATH: /cygdrive/c/Windows/System32/WindowsPowerShell/v1.0/
PATH: /cygdrive/c/DevTools/MySQL/MySQL Server 5.1/bin
PATH: /cygdrive/c/DevTools/apache-ant-1.7.1/bin
PATH: /cygdrive/c/Program Files/Java/jdk1.6.0_21/bin
PATH: /cygdrive/c/DevTools/strawberry/c/bin
PATH: /cygdrive/c/DevTools/strawberry/perl/site/bin
PATH: /cygdrive/c/DevTools/strawberry/perl/bin
PATH: /cygdrive/c/Program Files/SlikSvn/bin/
PATH: /cygdrive/c/Program Files (x86)/MKVtoolnix
PATH: /cygdrive/c/Program Files (x86)/Common Files/Teleca Shared
PATH: /cygdrive/c/DevTools/Cygwin/bin
PATH: /cygdrive/c/Program Files (x86)/Microsoft SQL Server/100/Tools/Binn/
PATH: /cygdrive/c/Program Files/Microsoft SQL Server/100/Tools/Binn/
PATH: /cygdrive/c/Program Files/Microsoft SQL Server/100/DTS/Binn/
PATH: /cygdrive/c/Program Files (x86)/Git/cmd
PATH: /cygdrive/c/Program Files (x86)/Git/bin
PATH: /cygdrive/c/Program Files (x86)/Windows Live/Shared
PATH: 9
PATH: /cygdrive/c/Program Files (x86)/Mercurial
PATH: /cygdrive/c/DevTools/apache-tomcat-7.0.11/bin
PATH: /cygdrive/c/Program Files (x86)/GmoteServer/bin/vlc


## ----------- ##
## Core tests. ##
## ----------- ##

configure:2216: checking for a BSD-compatible install
configure:2284: result: /usr/bin/install -c
configure:2295: checking whether build environment is sane
configure:2345: result: yes
configure:2486: checking for a thread-safe mkdir -p
configure:2525: result: /usr/bin/mkdir -p
configure:2538: checking for gawk
configure:2554: found /usr/bin/gawk
configure:2565: result: gawk
configure:2576: checking whether make sets $(MAKE)
configure:2598: result: yes
configure:2695: checking for style of include used by make
configure:2723: result: GNU
configure:2793: checking for gcc
configure:2820: result: C:/DevTools/cygwin/bin/gcc.exe
configure:3049: checking for C compiler version
configure:3058: C:/DevTools/cygwin/bin/gcc.exe --version >&5
gcc (GCC) 3.4.4 (cygming special, gdc 0.12, using dmd 0.125)
Copyright (C) 2004 Free Software Foundation, Inc.
This is free software; see the source for copying conditions.  There is NO
warranty; not even for MERCHANTABILITY or FITNESS FOR A PARTICULAR PURPOSE.

configure:3069: $? = 0
configure:3058: C:/DevTools/cygwin/bin/gcc.exe -v >&5
Reading specs from /usr/lib/gcc/i686-pc-cygwin/3.4.4/specs
Configured with: /managed/gcc-build/final-v3-bootstrap/gcc-3.4.4-999/configure --verbose --program-suffix=-3 --prefix=/usr --exec-prefix=/usr --sysconfdir=/etc --libdir=/usr/lib --libexecdir=/usr/lib --mandir=/usr/share/man --infodir=/usr/share/info --enable-languages=c,ada,c++,d,f77,pascal,java,objc --enable-nls --without-included-gettext --enable-version-specific-runtime-libs --without-x --enable-libgcj --disable-java-awt --with-system-zlib --enable-interpreter --disable-libgcj-debug --enable-threads=posix --enable-java-gc=boehm --disable-win32-registry --enable-sjlj-exceptions --enable-hash-synchronization --enable-libstdcxx-debug
Thread model: posix
gcc version 3.4.4 (cygming special, gdc 0.12, using dmd 0.125)
configure:3069: $? = 0
configure:3058: C:/DevTools/cygwin/bin/gcc.exe -V >&5
gcc: `-V' option must have argument
configure:3069: $? = 1
configure:3058: C:/DevTools/cygwin/bin/gcc.exe -qversion >&5
gcc: unrecognized option `-qversion'
gcc: no input files
configure:3069: $? = 1
configure:3089: checking whether the C compiler works
configure:3111: C:/DevTools/cygwin/bin/gcc.exe -g3 -gdwarf-2   conftest.c  >&5
configure:3115: $? = 0
configure:3163: result: yes
configure:3166: checking for C compiler default output file name
configure:3168: result: a.exe
configure:3174: checking for suffix of executables
configure:3181: C:/DevTools/cygwin/bin/gcc.exe -o conftest.exe -g3 -gdwarf-2   conftest.c  >&5
configure:3185: $? = 0
configure:3207: result: .exe
configure:3229: checking whether we are cross compiling
configure:3237: C:/DevTools/cygwin/bin/gcc.exe -o conftest.exe -g3 -gdwarf-2   conftest.c  >&5
configure:3241: $? = 0
configure:3248: ./conftest.exe
configure:3252: $? = 0
configure:3267: result: no
configure:3272: checking for suffix of object files
configure:3294: C:/DevTools/cygwin/bin/gcc.exe -c -g3 -gdwarf-2  conftest.c >&5
configure:3298: $? = 0
configure:3319: result: o
configure:3323: checking whether we are using the GNU C compiler
configure:3342: C:/DevTools/cygwin/bin/gcc.exe -c -g3 -gdwarf-2  conftest.c >&5
configure:3342: $? = 0
configure:3351: result: yes
configure:3360: checking whether C:/DevTools/cygwin/bin/gcc.exe accepts -g
configure:3380: C:/DevTools/cygwin/bin/gcc.exe -c -g  conftest.c >&5
configure:3380: $? = 0
configure:3421: result: yes
configure:3438: checking for C:/DevTools/cygwin/bin/gcc.exe option to accept ISO C89
configure:3502: C:/DevTools/cygwin/bin/gcc.exe  -c -g3 -gdwarf-2  conftest.c >&5
configure:3502: $? = 0
configure:3515: result: none needed
configure:3537: checking dependency style of C:/DevTools/cygwin/bin/gcc.exe
configure:3647: result: gcc3
configure:3668: checking how to run the C preprocessor
configure:3699: C:/DevTools/cygwin/bin/gcc.exe -E  conftest.c
configure:3699: $? = 0
configure:3713: C:/DevTools/cygwin/bin/gcc.exe -E  conftest.c
conftest.c:11:28: ac_nonexistent.h: No such file or directory
configure:3713: $? = 1
configure: failed program was:
| /* confdefs.h */
| #define PACKAGE_NAME "aes32bit"
| #define PACKAGE_TARNAME "aes32bit"
| #define PACKAGE_VERSION "1.00"
| #define PACKAGE_STRING "aes32bit 1.00"
| #define PACKAGE_BUGREPORT "oliver@cogito-ergo-sum.org"
| #define PACKAGE_URL ""
| #define PACKAGE "aes32bit"
| #define VERSION "1.00"
| /* end confdefs.h.  */
| #include <ac_nonexistent.h>
configure:3738: result: C:/DevTools/cygwin/bin/gcc.exe -E
configure:3758: C:/DevTools/cygwin/bin/gcc.exe -E  conftest.c
configure:3758: $? = 0
configure:3772: C:/DevTools/cygwin/bin/gcc.exe -E  conftest.c
conftest.c:11:28: ac_nonexistent.h: No such file or directory
configure:3772: $? = 1
configure: failed program was:
| /* confdefs.h */
| #define PACKAGE_NAME "aes32bit"
| #define PACKAGE_TARNAME "aes32bit"
| #define PACKAGE_VERSION "1.00"
| #define PACKAGE_STRING "aes32bit 1.00"
| #define PACKAGE_BUGREPORT "oliver@cogito-ergo-sum.org"
| #define PACKAGE_URL ""
| #define PACKAGE "aes32bit"
| #define VERSION "1.00"
| /* end confdefs.h.  */
| #include <ac_nonexistent.h>
configure:3801: checking for grep that handles long lines and -e
configure:3859: result: /usr/bin/grep
configure:3864: checking for egrep
configure:3926: result: /usr/bin/grep -E
configure:3931: checking for ANSI C header files
configure:3951: C:/DevTools/cygwin/bin/gcc.exe -c -g3 -gdwarf-2  conftest.c >&5
configure:3951: $? = 0
configure:4024: C:/DevTools/cygwin/bin/gcc.exe -o conftest.exe -g3 -gdwarf-2   conftest.c  >&5
configure:4024: $? = 0
configure:4024: ./conftest.exe
configure:4024: $? = 0
configure:4035: result: yes
configure:4048: checking for sys/types.h
configure:4048: C:/DevTools/cygwin/bin/gcc.exe -c -g3 -gdwarf-2  conftest.c >&5
configure:4048: $? = 0
configure:4048: result: yes
configure:4048: checking for sys/stat.h
configure:4048: C:/DevTools/cygwin/bin/gcc.exe -c -g3 -gdwarf-2  conftest.c >&5
configure:4048: $? = 0
configure:4048: result: yes
configure:4048: checking for stdlib.h
configure:4048: C:/DevTools/cygwin/bin/gcc.exe -c -g3 -gdwarf-2  conftest.c >&5
configure:4048: $? = 0
configure:4048: result: yes
configure:4048: checking for string.h
configure:4048: C:/DevTools/cygwin/bin/gcc.exe -c -g3 -gdwarf-2  conftest.c >&5
configure:4048: $? = 0
configure:4048: result: yes
configure:4048: checking for memory.h
configure:4048: C:/DevTools/cygwin/bin/gcc.exe -c -g3 -gdwarf-2  conftest.c >&5
configure:4048: $? = 0
configure:4048: result: yes
configure:4048: checking for strings.h
configure:4048: C:/DevTools/cygwin/bin/gcc.exe -c -g3 -gdwarf-2  conftest.c >&5
configure:4048: $? = 0
configure:4048: result: yes
configure:4048: checking for inttypes.h
configure:4048: C:/DevTools/cygwin/bin/gcc.exe -c -g3 -gdwarf-2  conftest.c >&5
configure:4048: $? = 0
configure:4048: result: yes
configure:4048: checking for stdint.h
configure:4048: C:/DevTools/cygwin/bin/gcc.exe -c -g3 -gdwarf-2  conftest.c >&5
configure:4048: $? = 0
configure:4048: result: yes
configure:4048: checking for unistd.h
configure:4048: C:/DevTools/cygwin/bin/gcc.exe -c -g3 -gdwarf-2  conftest.c >&5
configure:4048: $? = 0
configure:4048: result: yes
configure:4060: checking whether byte ordering is bigendian
configure:4075: C:/DevTools/cygwin/bin/gcc.exe -c -g3 -gdwarf-2  conftest.c >&5
conftest.c:22: error: parse error before "a"
conftest.c:24: error: syntax error before "typedef"
configure:4075: $? = 1
configure: failed program was:
| /* confdefs.h */
| #define PACKAGE_NAME "aes32bit"
| #define PACKAGE_TARNAME "aes32bit"
| #define PACKAGE_VERSION "1.00"
| #define PACKAGE_STRING "aes32bit 1.00"
| #define PACKAGE_BUGREPORT "oliver@cogito-ergo-sum.org"
| #define PACKAGE_URL ""
| #define PACKAGE "aes32bit"
| #define VERSION "1.00"
| #define STDC_HEADERS 1
| #define HAVE_SYS_TYPES_H 1
| #define HAVE_SYS_STAT_H 1
| #define HAVE_STDLIB_H 1
| #define HAVE_STRING_H 1
| #define HAVE_MEMORY_H 1
| #define HAVE_STRINGS_H 1
| #define HAVE_INTTYPES_H 1
| #define HAVE_STDINT_H 1
| #define HAVE_UNISTD_H 1
| /* end confdefs.h.  */
| #ifndef __APPLE_CC__
| 	       not a universal capable compiler
| 	     #endif
| 	     typedef int dummy;
| 
configure:4120: C:/DevTools/cygwin/bin/gcc.exe -c -g3 -gdwarf-2  conftest.c >&5
configure:4120: $? = 0
configure:4138: C:/DevTools/cygwin/bin/gcc.exe -c -g3 -gdwarf-2  conftest.c >&5
conftest.c: In function `main':
conftest.c:28: error: `not' undeclared (first use in this function)
conftest.c:28: error: (Each undeclared identifier is reported only once
conftest.c:28: error: for each function it appears in.)
conftest.c:28: error: parse error before "big"
configure:4138: $? = 1
configure: failed program was:
| /* confdefs.h */
| #define PACKAGE_NAME "aes32bit"
| #define PACKAGE_TARNAME "aes32bit"
| #define PACKAGE_VERSION "1.00"
| #define PACKAGE_STRING "aes32bit 1.00"
| #define PACKAGE_BUGREPORT "oliver@cogito-ergo-sum.org"
| #define PACKAGE_URL ""
| #define PACKAGE "aes32bit"
| #define VERSION "1.00"
| #define STDC_HEADERS 1
| #define HAVE_SYS_TYPES_H 1
| #define HAVE_SYS_STAT_H 1
| #define HAVE_STDLIB_H 1
| #define HAVE_STRING_H 1
| #define HAVE_MEMORY_H 1
| #define HAVE_STRINGS_H 1
| #define HAVE_INTTYPES_H 1
| #define HAVE_STDINT_H 1
| #define HAVE_UNISTD_H 1
| /* end confdefs.h.  */
| #include <sys/types.h>
| 		#include <sys/param.h>
| 
| int
| main ()
| {
| #if BYTE_ORDER != BIG_ENDIAN
| 		 not big endian
| 		#endif
| 
|   ;
|   return 0;
| }
configure:4266: result: no
configure:4398: checking for C++ compiler version
configure:4407: C:/DevTools/cygwin/bin/g++.exe --version >&5
g++ (GCC) 3.4.4 (cygming special, gdc 0.12, using dmd 0.125)
Copyright (C) 2004 Free Software Foundation, Inc.
This is free software; see the source for copying conditions.  There is NO
warranty; not even for MERCHANTABILITY or FITNESS FOR A PARTICULAR PURPOSE.

configure:4418: $? = 0
configure:4407: C:/DevTools/cygwin/bin/g++.exe -v >&5
Reading specs from /usr/lib/gcc/i686-pc-cygwin/3.4.4/specs
Configured with: /managed/gcc-build/final-v3-bootstrap/gcc-3.4.4-999/configure --verbose --program-suffix=-3 --prefix=/usr --exec-prefix=/usr --sysconfdir=/etc --libdir=/usr/lib --libexecdir=/usr/lib --mandir=/usr/share/man --infodir=/usr/share/info --enable-languages=c,ada,c++,d,f77,pascal,java,objc --enable-nls --without-included-gettext --enable-version-specific-runtime-libs --without-x --enable-libgcj --disable-java-awt --with-system-zlib --enable-interpreter --disable-libgcj-debug --enable-threads=posix --enable-java-gc=boehm --disable-win32-registry --enable-sjlj-exceptions --enable-hash-synchronization --enable-libstdcxx-debug
Thread model: posix
gcc version 3.4.4 (cygming special, gdc 0.12, using dmd 0.125)
configure:4418: $? = 0
configure:4407: C:/DevTools/cygwin/bin/g++.exe -V >&5
g++: `-V' option must have argument
configure:4418: $? = 1
configure:4407: C:/DevTools/cygwin/bin/g++.exe -qversion >&5
g++: unrecognized option `-qversion'
g++: no input files
configure:4418: $? = 1
configure:4422: checking whether we are using the GNU C++ compiler
configure:4441: C:/DevTools/cygwin/bin/g++.exe -c -g3 -gdwarf-2  conftest.cpp >&5
configure:4441: $? = 0
configure:4450: result: yes
configure:4459: checking whether C:/DevTools/cygwin/bin/g++.exe accepts -g
configure:4479: C:/DevTools/cygwin/bin/g++.exe -c -g  conftest.cpp >&5
configure:4479: $? = 0
configure:4520: result: yes
configure:4545: checking dependency style of C:/DevTools/cygwin/bin/g++.exe
configure:4655: result: gcc3
configure:4718: checking for gcc
configure:4745: result: C:/DevTools/cygwin/bin/gcc.exe
configure:4974: checking for C compiler version
configure:4983: C:/DevTools/cygwin/bin/gcc.exe --version >&5
gcc (GCC) 3.4.4 (cygming special, gdc 0.12, using dmd 0.125)
Copyright (C) 2004 Free Software Foundation, Inc.
This is free software; see the source for copying conditions.  There is NO
warranty; not even for MERCHANTABILITY or FITNESS FOR A PARTICULAR PURPOSE.

configure:4994: $? = 0
configure:4983: C:/DevTools/cygwin/bin/gcc.exe -v >&5
Reading specs from /usr/lib/gcc/i686-pc-cygwin/3.4.4/specs
Configured with: /managed/gcc-build/final-v3-bootstrap/gcc-3.4.4-999/configure --verbose --program-suffix=-3 --prefix=/usr --exec-prefix=/usr --sysconfdir=/etc --libdir=/usr/lib --libexecdir=/usr/lib --mandir=/usr/share/man --infodir=/usr/share/info --enable-languages=c,ada,c++,d,f77,pascal,java,objc --enable-nls --without-included-gettext --enable-version-specific-runtime-libs --without-x --enable-libgcj --disable-java-awt --with-system-zlib --enable-interpreter --disable-libgcj-debug --enable-threads=posix --enable-java-gc=boehm --disable-win32-registry --enable-sjlj-exceptions --enable-hash-synchronization --enable-libstdcxx-debug
Thread model: posix
gcc version 3.4.4 (cygming special, gdc 0.12, using dmd 0.125)
configure:4994: $? = 0
configure:4983: C:/DevTools/cygwin/bin/gcc.exe -V >&5
gcc: `-V' option must have argument
configure:4994: $? = 1
configure:4983: C:/DevTools/cygwin/bin/gcc.exe -qversion >&5
gcc: unrecognized option `-qversion'
gcc: no input files
configure:4994: $? = 1
configure:4998: checking whether we are using the GNU C compiler
configure:5026: result: yes
configure:5035: checking whether C:/DevTools/cygwin/bin/gcc.exe accepts -g
configure:5096: result: yes
configure:5113: checking for C:/DevTools/cygwin/bin/gcc.exe option to accept ISO C89
configure:5190: result: none needed
configure:5212: checking dependency style of C:/DevTools/cygwin/bin/gcc.exe
configure:5322: result: gcc3
configure:5384: checking for cppunit-config
configure:5415: result: no
configure:5425: checking for Cppunit - version >= 1.12.0
configure:5429: result: no
configure:5485: error: in `/cygdrive/d/Development/aes32bit-1.00':
configure:5487: error: CppUnit >= 1.12.0 is required to build aes32bit.
See `config.log' for more details

## ---------------- ##
## Cache variables. ##
## ---------------- ##

ac_cv_c_bigendian=no
ac_cv_c_compiler_gnu=yes
ac_cv_cxx_compiler_gnu=yes
ac_cv_env_CCC_set=
ac_cv_env_CCC_value=
ac_cv_env_CC_set=set
ac_cv_env_CC_value=C:/DevTools/cygwin/bin/gcc.exe
ac_cv_env_CFLAGS_set=set
ac_cv_env_CFLAGS_value='-g3 -gdwarf-2'
ac_cv_env_CPPFLAGS_set=
ac_cv_env_CPPFLAGS_value=
ac_cv_env_CPP_set=
ac_cv_env_CPP_value=
ac_cv_env_CXXFLAGS_set=set
ac_cv_env_CXXFLAGS_value='-g3 -gdwarf-2'
ac_cv_env_CXX_set=set
ac_cv_env_CXX_value=C:/DevTools/cygwin/bin/g++.exe
ac_cv_env_LDFLAGS_set=
ac_cv_env_LDFLAGS_value=
ac_cv_env_LIBS_set=
ac_cv_env_LIBS_value=
ac_cv_env_build_alias_set=
ac_cv_env_build_alias_value=
ac_cv_env_host_alias_set=
ac_cv_env_host_alias_value=
ac_cv_env_target_alias_set=
ac_cv_env_target_alias_value=
ac_cv_exeext=.exe
ac_cv_header_inttypes_h=yes
ac_cv_header_memory_h=yes
ac_cv_header_stdc=yes
ac_cv_header_stdint_h=yes
ac_cv_header_stdlib_h=yes
ac_cv_header_string_h=yes
ac_cv_header_strings_h=yes
ac_cv_header_sys_stat_h=yes
ac_cv_header_sys_types_h=yes
ac_cv_header_unistd_h=yes
ac_cv_objext=o
ac_cv_path_CPPUNIT_CONFIG=no
ac_cv_path_EGREP='/usr/bin/grep -E'
ac_cv_path_GREP=/usr/bin/grep
ac_cv_path_install='/usr/bin/install -c'
ac_cv_path_mkdir=/usr/bin/mkdir
ac_cv_prog_AWK=gawk
ac_cv_prog_CPP='C:/DevTools/cygwin/bin/gcc.exe -E'
ac_cv_prog_ac_ct_CC=C:/DevTools/cygwin/bin/gcc.exe
ac_cv_prog_cc_c89=
ac_cv_prog_cc_g=yes
ac_cv_prog_cxx_g=yes
ac_cv_prog_make_make_set=yes
am_cv_CC_dependencies_compiler_type=gcc3
am_cv_CXX_dependencies_compiler_type=gcc3

## ----------------- ##
## Output variables. ##
## ----------------- ##

ACLOCAL='${SHELL} /cygdrive/d/Development/aes32bit-1.00/missing --run aclocal-1.11'
AMDEPBACKSLASH='\'
AMDEP_FALSE='#'
AMDEP_TRUE=''
AMTAR='${SHELL} /cygdrive/d/Development/aes32bit-1.00/missing --run tar'
AUTOCONF='${SHELL} /cygdrive/d/Development/aes32bit-1.00/missing --run autoconf'
AUTOHEADER='${SHELL} /cygdrive/d/Development/aes32bit-1.00/missing --run autoheader'
AUTOMAKE='${SHELL} /cygdrive/d/Development/aes32bit-1.00/missing --run automake-1.11'
AWK='gawk'
CC='C:/DevTools/cygwin/bin/gcc.exe'
CCDEPMODE='depmode=gcc3'
CFLAGS='-g3 -gdwarf-2'
CPP='C:/DevTools/cygwin/bin/gcc.exe -E'
CPPFLAGS=''
CPPUNIT_CFLAGS=''
CPPUNIT_CONFIG='no'
CPPUNIT_LIBS=''
CXX='C:/DevTools/cygwin/bin/g++.exe'
CXXDEPMODE='depmode=gcc3'
CXXFLAGS='-g3 -gdwarf-2'
CYGPATH_W='cygpath -w'
DEFS=''
DEPDIR='.deps'
ECHO_C=''
ECHO_N='-n'
ECHO_T=''
EGREP='/usr/bin/grep -E'
EXEEXT='.exe'
GREP='/usr/bin/grep'
INSTALL_DATA='${INSTALL} -m 644'
INSTALL_PROGRAM='${INSTALL}'
INSTALL_SCRIPT='${INSTALL}'
INSTALL_STRIP_PROGRAM='$(install_sh) -c -s'
LDFLAGS=''
LIBOBJS=''
LIBS=''
LTLIBOBJS=''
MAKEINFO='${SHELL} /cygdrive/d/Development/aes32bit-1.00/missing --run makeinfo'
MKDIR_P='/usr/bin/mkdir -p'
OBJEXT='o'
PACKAGE='aes32bit'
PACKAGE_BUGREPORT='oliver@cogito-ergo-sum.org'
PACKAGE_NAME='aes32bit'
PACKAGE_STRING='aes32bit 1.00'
PACKAGE_TARNAME='aes32bit'
PACKAGE_URL=''
PACKAGE_VERSION='1.00'
PATH_SEPARATOR=':'
SET_MAKE=''
SHELL='/bin/sh'
STRIP=''
VERSION='1.00'
ac_ct_CC='C:/DevTools/cygwin/bin/gcc.exe'
ac_ct_CXX=''
am__EXEEXT_FALSE=''
am__EXEEXT_TRUE=''
am__fastdepCC_FALSE='#'
am__fastdepCC_TRUE=''
am__fastdepCXX_FALSE='#'
am__fastdepCXX_TRUE=''
am__include='include'
am__isrc=''
am__leading_dot='.'
am__quote=''
am__tar='${AMTAR} chof - "$$tardir"'
am__untar='${AMTAR} xf -'
bindir='${exec_prefix}/bin'
build_alias=''
datadir='${datarootdir}'
datarootdir='${prefix}/share'
docdir='${datarootdir}/doc/${PACKAGE_TARNAME}'
dvidir='${docdir}'
exec_prefix='NONE'
host_alias=''
htmldir='${docdir}'
includedir='${prefix}/include'
infodir='${datarootdir}/info'
install_sh='${SHELL} /cygdrive/d/Development/aes32bit-1.00/install-sh'
libdir='${exec_prefix}/lib'
libexecdir='${exec_prefix}/libexec'
localedir='${datarootdir}/locale'
localstatedir='${prefix}/var'
mandir='${datarootdir}/man'
mkdir_p='/usr/bin/mkdir -p'
oldincludedir='/usr/include'
pdfdir='${docdir}'
prefix='NONE'
program_transform_name='s,x,x,'
psdir='${docdir}'
sbindir='${exec_prefix}/sbin'
sharedstatedir='${prefix}/com'
sysconfdir='${prefix}/etc'
target_alias=''

## ----------- ##
## confdefs.h. ##
## ----------- ##

/* confdefs.h */
#define PACKAGE_NAME "aes32bit"
#define PACKAGE_TARNAME "aes32bit"
#define PACKAGE_VERSION "1.00"
#define PACKAGE_STRING "aes32bit 1.00"
#define PACKAGE_BUGREPORT "oliver@cogito-ergo-sum.org"
#define PACKAGE_URL ""
#define PACKAGE "aes32bit"
#define VERSION "1.00"
#define STDC_HEADERS 1
#define HAVE_SYS_TYPES_H 1
#define HAVE_SYS_STAT_H 1
#define HAVE_STDLIB_H 1
#define HAVE_STRING_H 1
#define HAVE_MEMORY_H 1
#define HAVE_STRINGS_H 1
#define HAVE_INTTYPES_H 1
#define HAVE_STDINT_H 1
#define HAVE_UNISTD_H 1

configure: exit 1
